[debug] [2022-02-21T17:53:33.493Z] ----------------------------------------------------------------------
[debug] [2022-02-21T17:53:33.497Z] Command:       C:\Program Files\nodejs\node.exe C:\Users\kamit\AppData\Roaming\npm\node_modules\firebase-tools\lib\bin\firebase.js init
[debug] [2022-02-21T17:53:33.498Z] CLI Version:   10.2.1
[debug] [2022-02-21T17:53:33.499Z] Platform:      win32
[debug] [2022-02-21T17:53:33.499Z] Node Version:  v16.13.2
[debug] [2022-02-21T17:53:33.501Z] Time:          Mon Feb 21 2022 23:23:33 GMT+0530 (India Standard Time)
[debug] [2022-02-21T17:53:33.501Z] ----------------------------------------------------------------------
[debug] 
[debug] [2022-02-21T17:53:33.526Z] > command requires scopes: ["email","openid","https://www.googleapis.com/auth/cloudplatformprojects.readonly","https://www.googleapis.com/auth/firebase","https://www.googleapis.com/auth/cloud-platform"]
[debug] [2022-02-21T17:53:33.526Z] > authorizing via signed-in user (k.amit.kumar1214@gmail.com)
[info] 
     ######## #### ########  ######## ########     ###     ######  ########
     ##        ##  ##     ## ##       ##     ##  ##   ##  ##       ##
     ######    ##  ########  ######   ########  #########  ######  ######
     ##        ##  ##    ##  ##       ##     ## ##     ##       ## ##
     ##       #### ##     ## ######## ########  ##     ##  ######  ########

You're about to initialize a Firebase project in this directory:

  C:\Users\kamit\Desktop\google-clone\googloo

[info] 
=== Project Setup
[info] 
[info] First, let's associate this project directory with a Firebase project.
[info] You can create multiple project aliases by running firebase use --add, 
[info] but for now we'll just set up a default project.
[info] 
[debug] [2022-02-21T17:54:27.230Z] >>> [apiv2][query] GET https://firebase.googleapis.com/v1beta1/projects pageSize=100
[debug] [2022-02-21T17:54:34.208Z] <<< [apiv2][status] GET https://firebase.googleapis.com/v1beta1/projects 200
[debug] [2022-02-21T17:54:34.208Z] <<< [apiv2][body] GET https://firebase.googleapis.com/v1beta1/projects [omitted]
[info] i  Using project googloo-57c02 (googloo) 
[info] 
=== Hosting Setup
[info] 
[info] Your public directory is the folder (relative to your project directory) that
[info] will contain Hosting assets to be uploaded with firebase deploy. If you
[info] have a build process for your assets, use your build's output directory.
[info] 
[debug] [2022-02-21T17:55:45.714Z] >>> [apiv2][query] GET https://www.gstatic.com/firebasejs/releases.json [none]
[debug] [2022-02-21T17:55:45.808Z] <<< [apiv2][status] GET https://www.gstatic.com/firebasejs/releases.json 200
[debug] [2022-02-21T17:55:45.809Z] <<< [apiv2][body] GET https://www.gstatic.com/firebasejs/releases.json {"current":{"version":"9.6.7","browserURL":"https://www.gstatic.com/firebasejs/9.6.7/firebase.js","packageURL":"https://www.gstatic.com/firebasejs/9.6.7/firebase.tgz"},"live":{"version":"9.6","browserURL":"https://www.gstatic.com/firebasejs/live/9.6/firebase.js","packageURL":"https://www.gstatic.com/firebasejs/live/9.6/firebase.tgz"},"components":{"analytics":"https://www.gstatic.com/firebasejs/9.6.7/firebase-analytics.js","app":"https://www.gstatic.com/firebasejs/9.6.7/firebase-app.js","app-check":"https://www.gstatic.com/firebasejs/9.6.7/firebase-app-check.js","auth":"https://www.gstatic.com/firebasejs/9.6.7/firebase-auth.js","auth/cordova":"https://www.gstatic.com/firebasejs/9.6.7/firebase-auth/cordova.js","auth/react-native":"https://www.gstatic.com/firebasejs/9.6.7/firebase-auth/react-native.js","functions":"https://www.gstatic.com/firebasejs/9.6.7/firebase-functions.js","firestore":"https://www.gstatic.com/firebasejs/9.6.7/firebase-firestore.js","firestore/lite":"https://www.gstatic.com/firebasejs/9.6.7/firebase-firestore/lite.js","storage":"https://www.gstatic.com/firebasejs/9.6.7/firebase-storage.js","performance":"https://www.gstatic.com/firebasejs/9.6.7/firebase-performance.js","remote-config":"https://www.gstatic.com/firebasejs/9.6.7/firebase-remote-config.js","messaging":"https://www.gstatic.com/firebasejs/9.6.7/firebase-messaging.js","messaging/sw":"https://www.gstatic.com/firebasejs/9.6.7/firebase-messaging/sw.js","database":"https://www.gstatic.com/firebasejs/9.6.7/firebase-database.js","firestore.memory":"https://www.gstatic.com/firebasejs/9.6.7/firebase-firestore.memory.js"}}
[info] +  Wrote build/index.html 
[info] 
[info] i  Detected a .git folder at C:\Users\kamit\Desktop\google-clone\googloo 
[info] i  Authorizing with GitHub to upload your service account to a GitHub repository's secrets store. 
[info] 
[info] Visit this URL on this device to log in:
[info] https://github.com/login/oauth/authorize?client_id=89cf50f02ac6aaed3484&state=622344419&redirect_uri=http%3A%2F%2Flocalhost%3A9005&scope=read%3Auser%20repo%20public_repo
[info] 
[info] Waiting for authentication...
[debug] [2022-02-21T17:56:49.825Z] >>> HTTP REQUEST POST https://github.com/login/oauth/access_token  
 {"client_id":"89cf50f02ac6aaed3484","client_secret":"3330d14abc895d9a74d5f17cd7a00711fa2c5bf0","code":"f3339f4662566027f07e","redirect_uri":"http://localhost:9005","state":"622344419"}
[debug] [2022-02-21T17:56:50.251Z] <<< HTTP RESPONSE 200 {"server":"GitHub.com","date":"Mon, 21 Feb 2022 17:56:49 GMT","content-type":"application/json; charset=utf-8","transfer-encoding":"chunked","vary":"X-PJAX, X-PJAX-Container, Accept-Encoding, Accept, X-Requested-With","permissions-policy":"interest-cohort=()","etag":"W/\"b75a1b080cc771a34b5e7b55eee42595\"","cache-control":"max-age=0, private, must-revalidate","strict-transport-security":"max-age=31536000; includeSubdomains; preload","x-frame-options":"deny","x-content-type-options":"nosniff","x-xss-protection":"0","referrer-policy":"origin-when-cross-origin, strict-origin-when-cross-origin","expect-ct":"max-age=2592000, report-uri=\"https://api.github.com/_private/browser/errors\"","content-security-policy":"default-src 'none'; base-uri 'self'; block-all-mixed-content; child-src github.com/assets-cdn/worker/ gist.github.com/assets-cdn/worker/; connect-src 'self' uploads.github.com objects-origin.githubusercontent.com www.githubstatus.com collector.githubapp.com collector.github.com api.github.com github-cloud.s3.amazonaws.com github-production-repository-file-5c1aeb.s3.amazonaws.com github-production-upload-manifest-file-7fdce7.s3.amazonaws.com github-production-user-asset-6210df.s3.amazonaws.com cdn.optimizely.com logx.optimizely.com/v1/events translator.github.com wss://alive.github.com; font-src github.githubassets.com; form-action 'self' github.com gist.github.com objects-origin.githubusercontent.com; frame-ancestors 'none'; frame-src render.githubusercontent.com viewscreen.githubusercontent.com notebooks.githubusercontent.com; img-src 'self' data: github.githubassets.com identicons.github.com collector.githubapp.com collector.github.com github-cloud.s3.amazonaws.com secured-user-images.githubusercontent.com/ *.githubusercontent.com; manifest-src 'self'; media-src github.com user-images.githubusercontent.com/; script-src github.githubassets.com; style-src 'unsafe-inline' github.githubassets.com; worker-src github.com/assets-cdn/worker/ gist.github.com/assets-cdn/worker/","x-github-request-id":"DBFB:44FF:A3B0C4:BF4119:6213D261"}
[debug] [2022-02-21T17:56:50.720Z] >>> [apiv2][query] GET https://api.github.com/user [none]
[debug] [2022-02-21T17:56:51.248Z] <<< [apiv2][status] GET https://api.github.com/user 200
[debug] [2022-02-21T17:56:51.249Z] <<< [apiv2][body] GET https://api.github.com/user {"login":"amitsharma1220","id":63550066,"node_id":"MDQ6VXNlcjYzNTUwMDY2","avatar_url":"https://avatars.githubusercontent.com/u/63550066?v=4","gravatar_id":"","url":"https://api.github.com/users/amitsharma1220","html_url":"https://github.com/amitsharma1220","followers_url":"https://api.github.com/users/amitsharma1220/followers","following_url":"https://api.github.com/users/amitsharma1220/following{/other_user}","gists_url":"https://api.github.com/users/amitsharma1220/gists{/gist_id}","starred_url":"https://api.github.com/users/amitsharma1220/starred{/owner}{/repo}","subscriptions_url":"https://api.github.com/users/amitsharma1220/subscriptions","organizations_url":"https://api.github.com/users/amitsharma1220/orgs","repos_url":"https://api.github.com/users/amitsharma1220/repos","events_url":"https://api.github.com/users/amitsharma1220/events{/privacy}","received_events_url":"https://api.github.com/users/amitsharma1220/received_events","type":"User","site_admin":false,"name":null,"company":null,"blog":"","location":null,"email":null,"hireable":null,"bio":null,"twitter_username":null,"public_repos":12,"public_gists":0,"followers":0,"following":1,"created_at":"2020-04-12T14:48:44Z","updated_at":"2022-02-05T16:05:08Z","private_gists":0,"total_private_repos":0,"owned_private_repos":0,"disk_usage":7937,"collaborators":0,"two_factor_authentication":false,"plan":{"name":"free","space":976562499,"collaborators":0,"private_repos":10000}}
[info] 
[info] +  Success! Logged into GitHub as amitsharma1220 
[info] 
[debug] [2022-02-21T17:57:30.058Z] >>> [apiv2][query] GET https://api.github.com/repos/amitsharma1220/google-clone/actions/secrets/public-key type=owner
[debug] [2022-02-21T17:57:30.421Z] <<< [apiv2][status] GET https://api.github.com/repos/amitsharma1220/google-clone/actions/secrets/public-key 404
[debug] [2022-02-21T17:57:30.422Z] <<< [apiv2][body] GET https://api.github.com/repos/amitsharma1220/google-clone/actions/secrets/public-key {"message":"Not Found","documentation_url":"https://docs.github.com/rest/reference/actions#get-a-repository-public-key"}
[debug] [2022-02-21T17:57:41.141Z] >>> [apiv2][query] GET https://api.github.com/repos/amitsharma1220/google-clone/actions/secrets/public-key type=owner
[debug] [2022-02-21T17:57:50.701Z] <<< [apiv2][status] GET https://api.github.com/repos/amitsharma1220/google-clone/actions/secrets/public-key 404
[debug] [2022-02-21T17:57:50.701Z] <<< [apiv2][body] GET https://api.github.com/repos/amitsharma1220/google-clone/actions/secrets/public-key {"message":"Not Found","documentation_url":"https://docs.github.com/rest/reference/actions#get-a-repository-public-key"}
